<?xml version="1.0" encoding="UTF-8"?>
<testsuite name="com.phonebook.tests.LoginTests" tests="2" skipped="0" failures="0" errors="0" timestamp="2025-07-04T10:47:43" hostname="WINDOWS-5CUU06H" time="13.07">
  <properties/>
  <testcase name="loginPositiveTest" classname="com.phonebook.tests.LoginTests" time="1.455"/>
  <testcase name="loginNegativeTest" classname="com.phonebook.tests.LoginTests" time="1.372"/>
  <system-out><![CDATA[12:47:43.134 [Test worker] INFO  com.phonebook.tests.TestBase -- Start test: loginPositiveTest[]
12:47:43.136 [Test worker] INFO  com.phonebook.utils.MyListener -- Before Find ElementsBy.cssSelector: [href='/login']
12:47:43.136 [Test worker] INFO  com.phonebook.utils.MyListener -- *********************************
12:47:43.164 [Test worker] INFO  com.phonebook.utils.MyListener -- List size is 1
12:47:43.164 [Test worker] INFO  com.phonebook.utils.MyListener -- *********************************
12:47:43.165 [Test worker] INFO  com.phonebook.utils.MyListener -- The locator will find By.cssSelector: [href='/login']
12:47:43.165 [Test worker] INFO  com.phonebook.utils.MyListener -- *********************************
12:47:43.194 [Test worker] INFO  com.phonebook.utils.MyListener -- The locator is By.cssSelector: [href='/login']
12:47:43.194 [Test worker] INFO  com.phonebook.utils.MyListener -- *********************************
12:47:43.325 [Test worker] INFO  com.phonebook.utils.MyListener -- The locator will find By.name: email
12:47:43.326 [Test worker] INFO  com.phonebook.utils.MyListener -- *********************************
12:47:43.356 [Test worker] INFO  com.phonebook.utils.MyListener -- The locator is By.name: email
12:47:43.356 [Test worker] INFO  com.phonebook.utils.MyListener -- *********************************
12:47:43.518 [Test worker] INFO  com.phonebook.utils.MyListener -- The locator will find By.name: email
12:47:43.518 [Test worker] INFO  com.phonebook.utils.MyListener -- *********************************
12:47:43.562 [Test worker] INFO  com.phonebook.utils.MyListener -- The locator is By.name: email
12:47:43.562 [Test worker] INFO  com.phonebook.utils.MyListener -- *********************************
12:47:43.619 [Test worker] INFO  com.phonebook.utils.MyListener -- The locator will find By.name: email
12:47:43.619 [Test worker] INFO  com.phonebook.utils.MyListener -- *********************************
12:47:43.651 [Test worker] INFO  com.phonebook.utils.MyListener -- The locator is By.name: email
12:47:43.651 [Test worker] INFO  com.phonebook.utils.MyListener -- *********************************
12:47:43.782 [Test worker] INFO  com.phonebook.utils.MyListener -- The locator will find By.name: password
12:47:43.782 [Test worker] INFO  com.phonebook.utils.MyListener -- *********************************
12:47:43.817 [Test worker] INFO  com.phonebook.utils.MyListener -- The locator is By.name: password
12:47:43.817 [Test worker] INFO  com.phonebook.utils.MyListener -- *********************************
12:47:44.012 [Test worker] INFO  com.phonebook.utils.MyListener -- The locator will find By.name: password
12:47:44.012 [Test worker] INFO  com.phonebook.utils.MyListener -- *********************************
12:47:44.044 [Test worker] INFO  com.phonebook.utils.MyListener -- The locator is By.name: password
12:47:44.044 [Test worker] INFO  com.phonebook.utils.MyListener -- *********************************
12:47:44.096 [Test worker] INFO  com.phonebook.utils.MyListener -- The locator will find By.name: password
12:47:44.096 [Test worker] INFO  com.phonebook.utils.MyListener -- *********************************
12:47:44.124 [Test worker] INFO  com.phonebook.utils.MyListener -- The locator is By.name: password
12:47:44.124 [Test worker] INFO  com.phonebook.utils.MyListener -- *********************************
12:47:44.189 [Test worker] INFO  com.phonebook.utils.MyListener -- The locator will find By.name: login
12:47:44.189 [Test worker] INFO  com.phonebook.utils.MyListener -- *********************************
12:47:44.215 [Test worker] INFO  com.phonebook.utils.MyListener -- The locator is By.name: login
12:47:44.215 [Test worker] INFO  com.phonebook.utils.MyListener -- *********************************
12:47:44.308 [Test worker] INFO  com.phonebook.utils.MyListener -- Before Find ElementsBy.xpath: //button[.='Sign Out']
12:47:44.308 [Test worker] INFO  com.phonebook.utils.MyListener -- *********************************
12:47:44.619 [Test worker] INFO  com.phonebook.utils.MyListener -- List size is 1
12:47:44.619 [Test worker] INFO  com.phonebook.utils.MyListener -- *********************************
12:47:44.621 [Test worker] INFO  com.phonebook.tests.TestBase -- PASSED: loginPositiveTest
12:47:44.621 [Test worker] INFO  com.phonebook.tests.TestBase -- Stop test
12:47:44.621 [Test worker] INFO  com.phonebook.tests.TestBase -- =====================================================
12:47:44.623 [Test worker] INFO  com.phonebook.tests.TestBase -- Start test: loginNegativeTest[]
12:47:44.625 [Test worker] INFO  com.phonebook.utils.MyListener -- Before Find ElementsBy.cssSelector: [href='/login']
12:47:44.625 [Test worker] INFO  com.phonebook.utils.MyListener -- *********************************
12:47:54.682 [Test worker] INFO  com.phonebook.utils.MyListener -- List size is 0
12:47:54.682 [Test worker] INFO  com.phonebook.utils.MyListener -- *********************************
12:47:54.682 [Test worker] INFO  com.phonebook.utils.MyListener -- The locator will find By.xpath: //button[.='Sign Out']
12:47:54.682 [Test worker] INFO  com.phonebook.utils.MyListener -- *********************************
12:47:54.708 [Test worker] INFO  com.phonebook.utils.MyListener -- The locator is By.xpath: //button[.='Sign Out']
12:47:54.708 [Test worker] INFO  com.phonebook.utils.MyListener -- *********************************
12:47:54.863 [Test worker] INFO  com.phonebook.utils.MyListener -- The locator will find By.cssSelector: [href='/login']
12:47:54.865 [Test worker] INFO  com.phonebook.utils.MyListener -- *********************************
12:47:54.901 [Test worker] INFO  com.phonebook.utils.MyListener -- The locator is By.cssSelector: [href='/login']
12:47:54.901 [Test worker] INFO  com.phonebook.utils.MyListener -- *********************************
12:47:55.053 [Test worker] INFO  com.phonebook.utils.MyListener -- The locator will find By.name: password
12:47:55.055 [Test worker] INFO  com.phonebook.utils.MyListener -- *********************************
12:47:55.090 [Test worker] INFO  com.phonebook.utils.MyListener -- The locator is By.name: password
12:47:55.090 [Test worker] INFO  com.phonebook.utils.MyListener -- *********************************
12:47:55.266 [Test worker] INFO  com.phonebook.utils.MyListener -- The locator will find By.name: password
12:47:55.266 [Test worker] INFO  com.phonebook.utils.MyListener -- *********************************
12:47:55.297 [Test worker] INFO  com.phonebook.utils.MyListener -- The locator is By.name: password
12:47:55.297 [Test worker] INFO  com.phonebook.utils.MyListener -- *********************************
12:47:55.359 [Test worker] INFO  com.phonebook.utils.MyListener -- The locator will find By.name: password
12:47:55.359 [Test worker] INFO  com.phonebook.utils.MyListener -- *********************************
12:47:55.384 [Test worker] INFO  com.phonebook.utils.MyListener -- The locator is By.name: password
12:47:55.384 [Test worker] INFO  com.phonebook.utils.MyListener -- *********************************
12:47:55.479 [Test worker] INFO  com.phonebook.utils.MyListener -- The locator will find By.name: login
12:47:55.479 [Test worker] INFO  com.phonebook.utils.MyListener -- *********************************
12:47:55.505 [Test worker] INFO  com.phonebook.utils.MyListener -- The locator is By.name: login
12:47:55.505 [Test worker] INFO  com.phonebook.utils.MyListener -- *********************************
12:47:55.678 [Test worker] INFO  com.phonebook.utils.MyListener -- Test has a problem
12:47:55.678 [Test worker] INFO  com.phonebook.utils.MyListener -- *********************************
12:47:55.678 [Test worker] INFO  com.phonebook.utils.MyListener -- Method --> alert
12:47:55.678 [Test worker] INFO  com.phonebook.utils.MyListener -- *********************************
12:47:55.678 [Test worker] INFO  com.phonebook.utils.MyListener -- TargetException --> org.openqa.selenium.NoAlertPresentException: no such alert
  (Session info: chrome=138.0.7204.51)
Build info: version: '4.26.0', revision: '8ccf0219d7'
System info: os.name: 'Windows 11', os.arch: 'amd64', os.version: '10.0', java.version: '17.0.12'
Driver info: org.openqa.selenium.chrome.ChromeDriver
Command: [0a31b89f520c1a7b831bc07f9280ee0e, getAlertText {}]
Capabilities {acceptInsecureCerts: false, browserName: chrome, browserVersion: 138.0.7204.51, chrome: {chromedriverVersion: 137.0.7151.119 (e0ac9d12dff..., userDataDir: C:\Users\evgen\AppData\Loca...}, fedcm:accounts: true, goog:chromeOptions: {debuggerAddress: localhost:62168}, networkConnectionEnabled: false, pageLoadStrategy: normal, platformName: windows, proxy: Proxy(), se:cdp: ws://localhost:62168/devtoo..., se:cdpVersion: 138.0.7204.51, setWindowRect: true, strictFileInteractability: false, timeouts: {implicit: 0, pageLoad: 300000, script: 30000}, unhandledPromptBehavior: dismiss and notify, webauthn:extension:credBlob: true, webauthn:extension:largeBlob: true, webauthn:extension:minPinLength: true, webauthn:extension:prf: true, webauthn:virtualAuthenticators: true}
Session ID: 0a31b89f520c1a7b831bc07f9280ee0e
12:47:55.678 [Test worker] INFO  com.phonebook.utils.MyListener -- *********************************
12:47:55.678 [Test worker] INFO  com.phonebook.utils.MyListener -- Object target --> org.openqa.selenium.remote.RemoteWebDriver$RemoteTargetLocator@20afd96f
12:47:55.678 [Test worker] INFO  com.phonebook.utils.MyListener -- *********************************
12:47:56.236 [Test worker] INFO  com.phonebook.tests.TestBase -- PASSED: loginNegativeTest
12:47:56.237 [Test worker] INFO  com.phonebook.tests.TestBase -- Stop test
12:47:56.238 [Test worker] INFO  com.phonebook.tests.TestBase -- =====================================================
]]></system-out>
  <system-err><![CDATA[]]></system-err>
</testsuite>
